=== Suite started at 2007-04-17 18:43:31
=== Starting test, 7 test cases
=cases        7
=user         jlouis
=host         succubus
=hosts        succubus 
=emulator_vsn 5.5.3
=emulator     beam
=otp_release  R11B
=started      2007-04-17 18:43:31
=case    metainfo_test_SUITE:init_per_suite
=logfile metainfo_test_suite.init_per_suite.html
=started 2007-04-17 18:43:31
=ended   2007-04-17 18:43:31
=result    ok
=elapsed   6.00000e-6
=result   ok
=case    metainfo_test_SUITE:all
=logfile metainfo_test_suite.all.html
=started 2007-04-17 18:43:31
=ended   2007-04-17 18:43:31
=result    failed:{metainfo_test_SUITE,all}
=== *** FAILED *** test case 2 of 7
=case    metainfo_test_SUITE:end_per_suite
=logfile metainfo_test_suite.end_per_suite.html
=started 2007-04-17 18:43:31
=ended   2007-04-17 18:43:31
=result    ok
=elapsed   7.00000e-6
=== The module simple_test_SUITE is not loaded
=case    simple_test_SUITE:all
=logfile simple_test_suite.all.html
=started 2007-04-17 18:43:31
=ended   2007-04-17 18:43:31
=result    failed:{simple_test_SUITE,all}
=== *** FAILED *** test case 4 of 7
=case    utils_test_SUITE:init_per_suite
=logfile utils_test_suite.init_per_suite.html
=started 2007-04-17 18:43:31
=ended   2007-04-17 18:43:31
=result    ok
=elapsed   6.00000e-6
=result   ok
=case    utils_test_SUITE:all
=logfile utils_test_suite.all.html
=started 2007-04-17 18:43:31
=ended   2007-04-17 18:43:31
=result    failed:{utils_test_SUITE,all}
=== *** FAILED *** test case 6 of 7
=case    utils_test_SUITE:end_per_suite
=logfile utils_test_suite.end_per_suite.html
=started 2007-04-17 18:43:31
=ended   2007-04-17 18:43:31
=result    ok
=elapsed   5.00000e-6
=== TEST COMPLETE, 4 ok, 3 failed of 7 test cases
=finished   2007-04-17 18:43:31
=failed     3
=successful 4
=skipped    0
